C:\USERS\ABHENDE\DESKTOP\SOCKETSERVER\SOCKETSERVER\DEBUG\CLIENTMANAGER.OBJ
C:\USERS\ABHENDE\DESKTOP\SOCKETSERVER\SOCKETSERVER\DEBUG\SERVER.OBJ
C:\USERS\ABHENDE\DESKTOP\SOCKETSERVER\SOCKETSERVER\DEBUG\SERVERCLIENT.OBJ
C:\USERS\ABHENDE\DESKTOP\SOCKETSERVER\SOCKETSERVER\DEBUG\SERVERMANAGER.OBJ
C:\USERS\ABHENDE\DESKTOP\SOCKETSERVER\SOCKETSERVER\DEBUG\SOURCE.OBJ
C:\USERS\ABHENDE\DESKTOP\SOCKETSERVER\SOCKETSERVER\DEBUG\THREADMANAGER.OBJ
C:\USERS\ABHENDE\DESKTOP\SOCKETSERVER\SOCKETSERVER\DEBUG\VC110.PDB
C:\USERS\ABHENDE\DESKTOP\SOCKETSERVER\DEBUG\SOCKETSERVER.ILK
C:\USERS\ABHENDE\DESKTOP\SOCKETSERVER\DEBUG\SOCKETSERVER.EXE
C:\USERS\ABHENDE\DESKTOP\SOCKETSERVER\DEBUG\SOCKETSERVER.PDB
C:\Users\abhende\Desktop\SocketServer\SocketServer\Debug\ClientManager.obj
C:\Users\abhende\Desktop\SocketServer\SocketServer\Debug\Server.obj
C:\Users\abhende\Desktop\SocketServer\SocketServer\Debug\ServerClient.obj
C:\Users\abhende\Desktop\SocketServer\SocketServer\Debug\ServerMain.obj
C:\Users\abhende\Desktop\SocketServer\SocketServer\Debug\ServerManager.obj
C:\Users\abhende\Desktop\SocketServer\SocketServer\Debug\Source.obj
C:\Users\abhende\Desktop\SocketServer\SocketServer\Debug\ThreadManager.obj
C:\Users\abhende\Desktop\SocketServer\SocketServer\Debug\cl.command.1.tlog
C:\Users\abhende\Desktop\SocketServer\SocketServer\Debug\CL.read.1.tlog
C:\Users\abhende\Desktop\SocketServer\SocketServer\Debug\CL.write.1.tlog
C:\Users\abhende\Desktop\SocketServer\SocketServer\Debug\link-cvtres.read.1.tlog
C:\Users\abhende\Desktop\SocketServer\SocketServer\Debug\link-cvtres.write.1.tlog
C:\Users\abhende\Desktop\SocketServer\SocketServer\Debug\link-rc.read.1.tlog
C:\Users\abhende\Desktop\SocketServer\SocketServer\Debug\link-rc.write.1.tlog
C:\Users\abhende\Desktop\SocketServer\SocketServer\Debug\link.command.1.tlog
C:\Users\abhende\Desktop\SocketServer\SocketServer\Debug\link.read.1.tlog
C:\Users\abhende\Desktop\SocketServer\SocketServer\Debug\link.write.1.tlog
C:\Users\abhende\Desktop\SocketServer\SocketServer\Debug\vc110.idb
C:\Users\abhende\Desktop\SocketServer\SocketServer\Debug\vc140.idb
C:\Users\abhende\Desktop\SocketServer\SocketServer\Debug\vc110.pdb
C:\Users\abhende\Desktop\SocketServer\SocketServer\Debug\vc140.pdb
C:\Users\abhende\Desktop\SocketServer\Debug\SocketServer.pdb
C:\Users\abhende\Desktop\SocketServer\Debug\SocketServer.exe
C:\Users\abhende\Desktop\SocketServer\Debug\SocketServer.ilk
